#
# There is insufficient memory for the Java Runtime Environment to continue.
# Native memory allocation (mmap) failed to map 132120576 bytes for G1 virtual space
# Possible reasons:
#   The system is out of physical RAM or swap space
#   The process is running with CompressedOops enabled, and the Java Heap may be blocking the growth of the native heap
# Possible solutions:
#   Reduce memory load on the system
#   Increase physical memory or swap space
#   Check if swap backing store is full
#   Decrease Java heap size (-Xmx/-Xms)
#   Decrease number of Java threads
#   Decrease Java thread stack sizes (-Xss)
#   Set larger code cache with -XX:ReservedCodeCacheSize=
#   JVM is running with Unscaled Compressed Oops mode in which the Java heap is
#     placed in the first 4GB address space. The Java Heap base address is the
#     maximum limit for the native heap growth. Please use -XX:HeapBaseMinAddress
#     to set the Java Heap base and to place the Java Heap above 4GB virtual address.
# This output file may be truncated or incomplete.
#
#  Out of Memory Error (os_windows.cpp:3532), pid=1240, tid=3964
#
# JRE version:  (17.0.2+8) (build )
# Java VM: OpenJDK 64-Bit Server VM (17.0.2+8, mixed mode, sharing, tiered, compressed oops, compressed class ptrs, g1 gc, windows-amd64)
# No core dump will be written. Minidumps are not enabled by default on client versions of Windows
#

---------------  S U M M A R Y ------------

Command Line: -ea -Dfile.encoding=Cp1252 -XX:+ShowCodeDetailsInExceptionMessages org.testng.remote.RemoteTestNG -serport 52885 -protocol json -d C:\SeleniumEclipse\RestAssuredFramework\test-output C:\temp1\testng-eclipse-1498839011\testng-customsuite.xml

Host: Intel(R) Celeron(R) CPU 5205U @ 1.90GHz, 2 cores, 7G,  Windows 10 , 64 bit Build 17763 (10.0.17763.1879)
Time: Thu Jun 26 13:00:56 2025 India Standard Time elapsed time: 0.107125 seconds (0d 0h 0m 0s)

---------------  T H R E A D  ---------------

Current thread (0x000001fdab559270):  JavaThread "Unknown thread" [_thread_in_vm, id=3964, stack(0x0000005e8f400000,0x0000005e8f500000)]

Stack: [0x0000005e8f400000,0x0000005e8f500000]
Native frames: (J=compiled Java code, j=interpreted, Vv=VM code, C=native code)
V  [jvm.dll+0x67564a]
V  [jvm.dll+0x82fc04]
V  [jvm.dll+0x8313ae]
V  [jvm.dll+0x831a13]
V  [jvm.dll+0x245235]
V  [jvm.dll+0x672539]
V  [jvm.dll+0x666e82]
V  [jvm.dll+0x30401b]
V  [jvm.dll+0x30b566]
V  [jvm.dll+0x35b1fe]
V  [jvm.dll+0x35b42f]
V  [jvm.dll+0x2daf58]
V  [jvm.dll+0x2dbec4]
V  [jvm.dll+0x801881]
V  [jvm.dll+0x368f81]
V  [jvm.dll+0x7e0cdc]
V  [jvm.dll+0x3eb8bf]
V  [jvm.dll+0x3ed441]
C  [jli.dll+0x5277]
C  [ucrtbase.dll+0x2268a]
C  [KERNEL32.DLL+0x17974]
C  [ntdll.dll+0x5a2f1]


---------------  P R O C E S S  ---------------

Threads class SMR info:
_java_thread_list=0x00007ffb72b25e98, length=0, elements={
}

Java Threads: ( => current thread )

Other Threads:
  0x000001fdab598780 GCTaskThread "GC Thread#0" [stack: 0x0000005e8f500000,0x0000005e8f600000] [id=10428]
  0x000001fdab5a9060 ConcurrentGCThread "G1 Main Marker" [stack: 0x0000005e8f600000,0x0000005e8f700000] [id=6112]
  0x000001fdab5aa950 ConcurrentGCThread "G1 Conc#0" [stack: 0x0000005e8f700000,0x0000005e8f800000] [id=12660]

[error occurred during error reporting (printing all threads), id 0xc0000005, EXCEPTION_ACCESS_VIOLATION (0xc0000005) at pc=0x00007ffb722fb9d7]

VM state: not at safepoint (not fully initialized)

VM Mutex/Monitor currently owned by a thread:  ([mutex/lock_event])
[0x000001fdab555850] Heap_lock - owner thread: 0x000001fdab559270

Heap address: 0x0000000082800000, size: 2008 MB, Compressed Oops mode: 32-bit

CDS archive(s) mapped at: [0x0000000000000000-0x0000000000000000-0x0000000000000000), size 0, SharedBaseAddress: 0x0000000800000000, ArchiveRelocationMode: 0.
Narrow klass base: 0x0000000000000000, Narrow klass shift: 0, Narrow klass range: 0x0

GC Precious Log:
<Empty>

Heap:
 garbage-first heap   total 0K, used 0K [0x0000000082800000, 0x0000000100000000)
  region size 1024K, 0 young (0K), 0 survivors (0K)

[error occurred during error reporting (printing heap information), id 0xc0000005, EXCEPTION_ACCESS_VIOLATION (0xc0000005) at pc=0x00007ffb726de899]

GC Heap History (0 events):
No events

Deoptimization events (0 events):
No events

Classes unloaded (0 events):
No events

Classes redefined (0 events):
No events

Internal exceptions (0 events):
No events

VM Operations (0 events):
No events

Events (1 events):
Event: 0.071 Loaded shared library C:\SeleniumEclipse\eclipse-java-2022-03-R-win32-x86_64\eclipse\plugins\org.eclipse.justj.openjdk.hotspot.jre.full.win32.x86_64_17.0.2.v20220201-1208\jre\bin\java.dll


Dynamic libraries:
0x00007ff767560000 - 0x00007ff76756e000 	C:\SeleniumEclipse\eclipse-java-2022-03-R-win32-x86_64\eclipse\plugins\org.eclipse.justj.openjdk.hotspot.jre.full.win32.x86_64_17.0.2.v20220201-1208\jre\bin\javaw.exe
0x00007ffbb6b60000 - 0x00007ffbb6d4c000 	C:\Windows\SYSTEM32\ntdll.dll
0x00007ffbb6580000 - 0x00007ffbb6633000 	C:\Windows\System32\KERNEL32.DLL
0x00007ffbb3a40000 - 0x00007ffbb3cd4000 	C:\Windows\System32\KERNELBASE.dll
0x000000006fd70000 - 0x000000006fe03000 	C:\Windows\System32\SYSFER.DLL
0x00007ffbb2c20000 - 0x00007ffbb2d1a000 	C:\Windows\System32\ucrtbase.dll
0x00007ffb94720000 - 0x00007ffb94739000 	C:\SeleniumEclipse\eclipse-java-2022-03-R-win32-x86_64\eclipse\plugins\org.eclipse.justj.openjdk.hotspot.jre.full.win32.x86_64_17.0.2.v20220201-1208\jre\bin\VCRUNTIME140.dll
0x00007ffb91cf0000 - 0x00007ffb91d08000 	C:\SeleniumEclipse\eclipse-java-2022-03-R-win32-x86_64\eclipse\plugins\org.eclipse.justj.openjdk.hotspot.jre.full.win32.x86_64_17.0.2.v20220201-1208\jre\bin\jli.dll
0x00007ffbb45c0000 - 0x00007ffbb4757000 	C:\Windows\System32\USER32.dll
0x00007ffbb3510000 - 0x00007ffbb3530000 	C:\Windows\System32\win32u.dll
0x00007ffbb6aa0000 - 0x00007ffbb6ac9000 	C:\Windows\System32\GDI32.dll
0x00007ffbb3530000 - 0x00007ffbb36cc000 	C:\Windows\System32\gdi32full.dll
0x00007ffbb3470000 - 0x00007ffbb3510000 	C:\Windows\System32\msvcp_win.dll
0x00007ffb9ff80000 - 0x00007ffba01f9000 	C:\Windows\WinSxS\amd64_microsoft.windows.common-controls_6595b64144ccf1df_6.0.17763.1879_none_de7416585348d805\COMCTL32.dll
0x00007ffbb6640000 - 0x00007ffbb66de000 	C:\Windows\System32\msvcrt.dll
0x00007ffbb4290000 - 0x00007ffbb45bd000 	C:\Windows\System32\combase.dll
0x00007ffbb6980000 - 0x00007ffbb6a9f000 	C:\Windows\System32\RPCRT4.dll
0x00007ffbb39c0000 - 0x00007ffbb3a3f000 	C:\Windows\System32\bcryptPrimitives.dll
0x00007ffbb4760000 - 0x00007ffbb478e000 	C:\Windows\System32\IMM32.DLL
0x000001fdaab90000 - 0x000001fdaaba6000 	C:\Windows\System32\umppc19706.dll
0x000001fdaabd0000 - 0x000001fdaabe3000 	C:\Windows\System32\CsXumd64_19706.dll
0x00007ffbae6b0000 - 0x00007ffbae6bc000 	C:\SeleniumEclipse\eclipse-java-2022-03-R-win32-x86_64\eclipse\plugins\org.eclipse.justj.openjdk.hotspot.jre.full.win32.x86_64_17.0.2.v20220201-1208\jre\bin\vcruntime140_1.dll
0x00007ffb825f0000 - 0x00007ffb82681000 	C:\SeleniumEclipse\eclipse-java-2022-03-R-win32-x86_64\eclipse\plugins\org.eclipse.justj.openjdk.hotspot.jre.full.win32.x86_64_17.0.2.v20220201-1208\jre\bin\msvcp140.dll
0x00007ffb72010000 - 0x00007ffb72c57000 	C:\SeleniumEclipse\eclipse-java-2022-03-R-win32-x86_64\eclipse\plugins\org.eclipse.justj.openjdk.hotspot.jre.full.win32.x86_64_17.0.2.v20220201-1208\jre\bin\server\jvm.dll
0x00007ffbb40b0000 - 0x00007ffbb4153000 	C:\Windows\System32\ADVAPI32.dll
0x00007ffbb3df0000 - 0x00007ffbb3e8e000 	C:\Windows\System32\sechost.dll
0x00007ffbb63b0000 - 0x00007ffbb63b8000 	C:\Windows\System32\PSAPI.DLL
0x00007ffb96f80000 - 0x00007ffb96f89000 	C:\Windows\SYSTEM32\WSOCK32.dll
0x00007ffbb3e90000 - 0x00007ffbb3efd000 	C:\Windows\System32\WS2_32.dll
0x00007ffbb0220000 - 0x00007ffbb0244000 	C:\Windows\SYSTEM32\WINMM.dll
0x00007ffba6f90000 - 0x00007ffba6f9a000 	C:\Windows\SYSTEM32\VERSION.dll
0x00007ffbb01f0000 - 0x00007ffbb021d000 	C:\Windows\SYSTEM32\WINMMBASE.dll
0x00007ffbb38e0000 - 0x00007ffbb392a000 	C:\Windows\System32\cfgmgr32.dll
0x00007ffbb2bb0000 - 0x00007ffbb2bc1000 	C:\Windows\System32\kernel.appcore.dll
0x00007ffbae690000 - 0x00007ffbae69a000 	C:\SeleniumEclipse\eclipse-java-2022-03-R-win32-x86_64\eclipse\plugins\org.eclipse.justj.openjdk.hotspot.jre.full.win32.x86_64_17.0.2.v20220201-1208\jre\bin\jimage.dll
0x00007ffbb14d0000 - 0x00007ffbb16bd000 	C:\Windows\SYSTEM32\DBGHELP.DLL
0x00007ffb98cf0000 - 0x00007ffb98d1a000 	C:\Windows\SYSTEM32\dbgcore.DLL
0x00007ffb9d8c0000 - 0x00007ffb9d8e5000 	C:\SeleniumEclipse\eclipse-java-2022-03-R-win32-x86_64\eclipse\plugins\org.eclipse.justj.openjdk.hotspot.jre.full.win32.x86_64_17.0.2.v20220201-1208\jre\bin\java.dll

dbghelp: loaded successfully - version: 4.0.5 - missing functions: none
symbol engine: initialized successfully - sym options: 0x614 - pdb path: .;C:\SeleniumEclipse\eclipse-java-2022-03-R-win32-x86_64\eclipse\plugins\org.eclipse.justj.openjdk.hotspot.jre.full.win32.x86_64_17.0.2.v20220201-1208\jre\bin;C:\Windows\SYSTEM32;C:\Windows\WinSxS\amd64_microsoft.windows.common-controls_6595b64144ccf1df_6.0.17763.1879_none_de7416585348d805;C:\SeleniumEclipse\eclipse-java-2022-03-R-win32-x86_64\eclipse\plugins\org.eclipse.justj.openjdk.hotspot.jre.full.win32.x86_64_17.0.2.v20220201-1208\jre\bin\server

VM Arguments:
jvm_args: -ea -Dfile.encoding=Cp1252 -XX:+ShowCodeDetailsInExceptionMessages 
java_command: org.testng.remote.RemoteTestNG -serport 52885 -protocol json -d C:\SeleniumEclipse\RestAssuredFramework\test-output C:\temp1\testng-eclipse-1498839011\testng-customsuite.xml
java_class_path (initial): C:\SeleniumEclipse\eclipse-java-2022-03-R-win32-x86_64\eclipse\configuration\org.eclipse.osgi\474\0\.cp\lib\testng-remote.jar;C:\SeleniumEclipse\RestAssuredFramework\target\test-classes;C:\SeleniumEclipse\RestAssuredFramework\target\classes;C:\Users\msilocal\.m2\repository\org\json\json\20230227\json-20230227.jar;C:\Users\msilocal\.m2\repository\org\apache\poi\poi\4.0.1\poi-4.0.1.jar;C:\Users\msilocal\.m2\repository\commons-codec\commons-codec\1.11\commons-codec-1.11.jar;C:\Users\msilocal\.m2\repository\org\apache\commons\commons-collections4\4.2\commons-collections4-4.2.jar;C:\Users\msilocal\.m2\repository\org\apache\commons\commons-math3\3.6.1\commons-math3-3.6.1.jar;C:\Users\msilocal\.m2\repository\org\apache\poi\poi-ooxml\4.0.1\poi-ooxml-4.0.1.jar;C:\Users\msilocal\.m2\repository\org\apache\poi\poi-ooxml-schemas\4.0.1\poi-ooxml-schemas-4.0.1.jar;C:\Users\msilocal\.m2\repository\org\apache\xmlbeans\xmlbeans\3.0.2\xmlbeans-3.0.2.jar;C:\Users\msilocal\.m2\repository\org\apache\commons\commons-compress\1.18\commons-compress-1.18.jar;C:\Users\msilocal\.m2\repository\com\github\virtuald\curvesapi\1.05\curvesapi-1.05.jar;C:\Users\msilocal\.m2\repository\io\rest-assured\rest-assured\5.3.1\rest-assured-5.3.1.jar;C:\Users\msilocal\.m2\repository\org\apache\groovy\groovy\4.0.11\groovy-4.0.11.jar;C:\Users\msilocal\.m2\repository\org\apache\groovy\groovy-xml\4.0.11\groovy-xml-4.0.11.jar;C:\Users\msilocal\.m2\repository\org\apache\httpcomponents\httpclient\4.5.13\httpclient-4.5.13.jar;C:\Users\msilocal\.m2\repository\org\apache\httpcomponents\httpcore\4.4.13\httpcore-4.4.13.jar;C:\Users\msilocal\.m2\repository\commons-logging\commons-logging\1.2\commons-logging-1.2.jar;C:\Users\msilocal\.m2\repository\org\apache\httpcomponents\httpmime\4.5.13\httpmime-4.5.13.jar;C:\Users\msilocal\.m2\repository\org\hamcrest\hamcrest\2.2\hamcrest-2.2.jar;C:\Users\msilocal\.m2\repository\org\ccil\cowan\tagsoup\tagsoup\1.2.1\tagsoup-1.2.1.jar;C:\Users\msilocal\.m2\re
Launcher Type: SUN_STANDARD

[Global flags]
     intx CICompilerCount                          = 2                                         {product} {ergonomic}
     uint ConcGCThreads                            = 1                                         {product} {ergonomic}
     uint G1ConcRefinementThreads                  = 2                                         {product} {ergonomic}
   size_t G1HeapRegionSize                         = 1048576                                   {product} {ergonomic}
    uintx GCDrainStackTargetSize                   = 64                                        {product} {ergonomic}
   size_t InitialHeapSize                          = 132120576                                 {product} {ergonomic}
   size_t MarkStackSize                            = 4194304                                   {product} {ergonomic}
   size_t MaxHeapSize                              = 2105540608                                {product} {ergonomic}
   size_t MinHeapDeltaBytes                        = 1048576                                   {product} {ergonomic}
   size_t MinHeapSize                              = 8388608                                   {product} {ergonomic}
    uintx NonNMethodCodeHeapSize                   = 5826188                                {pd product} {ergonomic}
    uintx NonProfiledCodeHeapSize                  = 122916026                              {pd product} {ergonomic}
    uintx ProfiledCodeHeapSize                     = 122916026                              {pd product} {ergonomic}
    uintx ReservedCodeCacheSize                    = 251658240                              {pd product} {ergonomic}
     bool SegmentedCodeCache                       = true                                      {product} {ergonomic}
     bool ShowCodeDetailsInExceptionMessages       = true                                   {manageable} {command line}
   size_t SoftMaxHeapSize                          = 2105540608                             {manageable} {ergonomic}
     bool UseCompressedClassPointers               = true                           {product lp64_product} {ergonomic}
     bool UseCompressedOops                        = true                           {product lp64_product} {ergonomic}
     bool UseG1GC                                  = true                                      {product} {ergonomic}
     bool UseLargePagesIndividualAllocation        = false                                  {pd product} {ergonomic}

Logging:
Log output configuration:
 #0: stdout all=warning uptime,level,tags
 #1: stderr all=off uptime,level,tags

Environment Variables:
JAVA_HOME=C:\Program Files\Java\jdk-17
PATH=C:/SeleniumEclipse/eclipse-java-2022-03-R-win32-x86_64/eclipse//plugins/org.eclipse.justj.openjdk.hotspot.jre.full.win32.x86_64_17.0.2.v20220201-1208/jre/bin/server;C:/SeleniumEclipse/eclipse-java-2022-03-R-win32-x86_64/eclipse//plugins/org.eclipse.justj.openjdk.hotspot.jre.full.win32.x86_64_17.0.2.v20220201-1208/jre/bin;C:\Program Files (x86)\ImageMagick-7.1.1-Q8;C:\Program Files\Common Files\Oracle\Java\javapath;C:\Windows\system32;C:\Windows;C:\Windows\System32\Wbem;C:\Windows\System32\WindowsPowerShell\v1.0\;C:\Windows\System32\OpenSSH\;C:\Program Files\MySQL\MySQL Server 8.0\bin;C:\Program Files\Java\jdk-17\bin;C:\Program Files\Git\cmd;C:\Users\msilocal\Downloads\apache-maven-3.9.9-bin\apache-maven-3.9.9\bin;C:\Program Files\MySQL\MySQL Shell 8.0\bin\;C:\Users\msilocal\AppData\Local\Microsoft\WindowsApps;C:\adb;C:\chromeDriver\v136;C:\Users\msilocal\AppData\Local\Microsoft\WindowsApps;C:\SeleniumEclipse\eclipse-java-2022-03-R-win32-x86_64\eclipse;
USERNAME=msilocal
OS=Windows_NT
PROCESSOR_IDENTIFIER=Intel64 Family 6 Model 142 Stepping 12, GenuineIntel



---------------  S Y S T E M  ---------------

OS:
 Windows 10 , 64 bit Build 17763 (10.0.17763.1879)
OS uptime: 0 days 17:54 hours

CPU: total 2 (initial active 2) (2 cores per cpu, 1 threads per core) family 6 model 142 stepping 12 microcode 0xea, cx8, cmov, fxsr, mmx, 3dnowpref, sse, sse2, sse3, ssse3, sse4.1, sse4.2, popcnt, lzcnt, tsc, tscinvbit, aes, erms, clmul, clflush, clflushopt

Memory: 4k page, system-wide physical 8030M (305M free)
TotalPageFile size 8030M (AvailPageFile size 35M)
current process WorkingSet (physical memory assigned to process): 10M, peak: 10M
current process commit charge ("private bytes"): 48M, peak: 174M

vm_info: OpenJDK 64-Bit Server VM (17.0.2+8) for windows-amd64 JRE (17.0.2+8), built on Jan 20 2022 04:52:34 by "" with MS VC++ 16.7 (VS2019)

END.
